<?xml version="1.0" encoding="UTF-8"?>
<!-- Generated by org.testng.reporters.JUnitReportReporter -->
<testsuite name="advanced_annotations.LoginTests" tests="2" time="6.939" ignored="0" failures="0" timestamp="26 Sep 2019 00:49:45 GMT" skipped="0" hostname="DESKTOP-GQ3E5A1" errors="0">
  <testcase name="anotherTest" time="3.007" classname="advanced_annotations.LoginTests"/>
  <testcase name="login" time="3.932" classname="advanced_annotations.LoginTests"/>
</testsuite> <!-- advanced_annotations.LoginTests -->
