<?xml version="1.0" encoding="UTF-8"?>
<!-- Generated by org.testng.reporters.JUnitReportReporter -->
<testsuite name="simple_demo.AnotherDemo" tests="1" time="0.010" ignored="4" failures="0" timestamp="24 Sep 2019 00:50:02 GMT" skipped="0" hostname="DESKTOP-GQ3E5A1" errors="0">
  <testcase name="zzz" time="0.010" classname="simple_demo.AnotherDemo"/>
  <testcase name="zzz" classname="simple_demo.AnotherDemo">
    <skipped/>
  </testcase> <!-- zzz -->
  <testcase name="bye" classname="simple_demo.SimpleTestNGDemo">
    <skipped/>
  </testcase> <!-- bye -->
  <testcase name="hello" classname="simple_demo.SimpleTestNGDemo">
    <skipped/>
  </testcase> <!-- hello -->
  <testcase name="excited" classname="simple_demo.SimpleTestNGDemo">
    <skipped/>
  </testcase> <!-- excited -->
</testsuite> <!-- simple_demo.AnotherDemo -->
