<?xml version="1.0" encoding="UTF-8"?>
<!-- Generated by org.testng.reporters.JUnitReportReporter -->
<testsuite name="simple_demo.SimpleTestNGDemo" tests="1" time="0.013" ignored="2" failures="0" timestamp="24 Sep 2019 00:17:01 GMT" skipped="0" hostname="DESKTOP-GQ3E5A1" errors="0">
  <testcase name="hello" time="0.013" classname="simple_demo.SimpleTestNGDemo"/>
  <testcase name="bye" classname="simple_demo.SimpleTestNGDemo">
    <skipped/>
  </testcase> <!-- bye -->
  <testcase name="excited" classname="simple_demo.SimpleTestNGDemo">
    <skipped/>
  </testcase> <!-- excited -->
</testsuite> <!-- simple_demo.SimpleTestNGDemo -->
